dev 02:35:11.98 INFO Limit  (cost=0.00..0.25 rows=10 width=22) (actual time=0.089..0.091 rows=10 loops=1)
dev 02:35:11.98 INFO   ->  Seq Scan on employees  (cost=0.00..69842.00 rows=2830400 width=22) (actual time=0.088..0.089 rows=10 loops=1)
dev 02:35:11.98 INFO         Filter: (age > 20)
dev 02:35:11.98 INFO Planning Time: 0.902 ms
dev 02:35:11.98 INFO Execution Time: 0.121 ms
dev 02:35:11.98 INFO Consulta completada em 0.08 segundos. Resultados: 10 registros.
dev 02:35:12.45 INFO Seq Scan on employees  (cost=0.00..69842.00 rows=2830400 width=22) (actual time=0.003..402.856 rows=2830552 loops=1)
dev 02:35:12.45 INFO   Filter: (age > 20)
dev 02:35:12.45 INFO   Rows Removed by Filter: 169448
dev 02:35:12.45 INFO Planning Time: 0.030 ms
dev 02:35:12.45 INFO Execution Time: 469.350 ms
dev 02:35:25.93 INFO Consulta completada em 13.95 segundos. Resultados: 2830552 registros.
dev 02:35:26.37 INFO Seq Scan on employees  (cost=0.00..69842.00 rows=2830400 width=51) (actual time=0.129..360.831 rows=2830552 loops=1)
dev 02:35:26.37 INFO   Filter: (age > 20)
dev 02:35:26.37 INFO   Rows Removed by Filter: 169448
dev 02:35:26.37 INFO Planning Time: 1.257 ms
dev 02:35:26.37 INFO Execution Time: 429.487 ms
None 02:37:54.65 INFO Limit  (cost=0.00..0.25 rows=10 width=22) (actual time=0.086..0.088 rows=10 loops=1)
None 02:37:54.65 INFO   ->  Seq Scan on employees  (cost=0.00..69842.00 rows=2830400 width=22) (actual time=0.080..0.081 rows=10 loops=1)
None 02:37:54.65 INFO         Filter: (age > 20)
None 02:37:54.65 INFO Planning Time: 2.511 ms
None 02:37:54.65 INFO Execution Time: 0.284 ms
None 02:37:54.65 INFO Consulta completada em 0.15 segundos. Resultados: 10 registros.
None 02:37:56.00 INFO Seq Scan on employees  (cost=0.00..69842.00 rows=2830400 width=22) (actual time=0.004..1280.828 rows=2830552 loops=1)
None 02:37:56.00 INFO   Filter: (age > 20)
None 02:37:56.00 INFO   Rows Removed by Filter: 169448
None 02:37:56.00 INFO Planning Time: 0.027 ms
None 02:37:56.00 INFO Execution Time: 1347.145 ms
None 02:38:09.50 INFO Consulta completada em 14.85 segundos. Resultados: 2830552 registros.
None 02:38:09.96 INFO Seq Scan on employees  (cost=0.00..69842.00 rows=2830400 width=51) (actual time=0.056..374.224 rows=2830552 loops=1)
None 02:38:09.96 INFO   Filter: (age > 20)
None 02:38:09.96 INFO   Rows Removed by Filter: 169448
None 02:38:09.96 INFO Planning Time: 0.789 ms
None 02:38:09.96 INFO Execution Time: 443.999 ms
None 02:38:37.74 INFO Consulta completada em 28.23 segundos. Resultados: 2830552 registros.
